<?xml version="1.0" encoding="UTF-8"?>
<!-- Generated by org.testng.reporters.JUnitXMLReporter -->
<testsuite hostname="ITSWAYAMB460" ignored="0" name="Default test" tests="3" failures="0" timestamp="23 Jan 2019 19:56:41 GMT" time="0.096" errors="0">
  <testcase name="@BeforeTest launchBrowser" time="0.0" classname="com.demoaut.newtours.testcases.LoginTest">
    <failure type="org.testng.TestNGException" message="
Parameter &amp;apos;browserName&amp;apos; is required by BeforeTest on method launchBrowser but has not been marked @Optional or defined
in C:\Users\swayambhatlar\AppData\Local\Temp\testng-eclipse-804790327\testng-customsuite.xml">
      <![CDATA[org.testng.TestNGException: 
Parameter 'browserName' is required by BeforeTest on method launchBrowser but has not been marked @Optional or defined
in C:\Users\swayambhatlar\AppData\Local\Temp\testng-eclipse-804790327\testng-customsuite.xml
at org.testng.internal.Parameters.createParams(Parameters.java:290)
at org.testng.internal.Parameters.createParametersForMethod(Parameters.java:359)
at org.testng.internal.Parameters.createParameters(Parameters.java:620)
at org.testng.internal.Parameters.createConfigurationParameters(Parameters.java:190)
at org.testng.internal.Invoker.invokeConfigurations(Invoker.java:209)
at org.testng.internal.Invoker.invokeConfigurations(Invoker.java:142)
at org.testng.TestRunner.beforeRun(TestRunner.java:529)
at org.testng.TestRunner.run(TestRunner.java:497)
at org.testng.SuiteRunner.runTest(SuiteRunner.java:455)
at org.testng.SuiteRunner.runSequentially(SuiteRunner.java:450)
at org.testng.SuiteRunner.privateRun(SuiteRunner.java:415)
at org.testng.SuiteRunner.run(SuiteRunner.java:364)
at org.testng.SuiteRunnerWorker.runSuite(SuiteRunnerWorker.java:52)
at org.testng.SuiteRunnerWorker.run(SuiteRunnerWorker.java:84)
at org.testng.TestNG.runSuitesSequentially(TestNG.java:1208)
at org.testng.TestNG.runSuitesLocally(TestNG.java:1137)
at org.testng.TestNG.runSuites(TestNG.java:1049)
at org.testng.TestNG.run(TestNG.java:1017)
at org.testng.remote.AbstractRemoteTestNG.run(AbstractRemoteTestNG.java:114)
at org.testng.remote.RemoteTestNG.initAndRun(RemoteTestNG.java:251)
at org.testng.remote.RemoteTestNG.main(RemoteTestNG.java:77)
]]>
    </failure>
  </testcase> <!-- @BeforeTest launchBrowser -->
  <testcase name="@AfterTest tearDown" time="0.0" classname="com.demoaut.newtours.testcases.LoginTest">
    <skipped/>
  </testcase> <!-- @AfterTest tearDown -->
  <testcase name="loginToMercuryTours" time="0.0" classname="com.demoaut.newtours.testcases.LoginTest">
    <skipped/>
  </testcase> <!-- loginToMercuryTours -->
  <testcase name="findFlightTest" time="0.0" classname="com.demoaut.newtours.testcases.LoginTest">
    <skipped/>
  </testcase> <!-- findFlightTest -->
  <testcase name="selectFlightTest" time="0.0" classname="com.demoaut.newtours.testcases.LoginTest">
    <skipped/>
  </testcase> <!-- selectFlightTest -->
</testsuite> <!-- Default test -->
